
Showing logs for build [32mcb-kubecd-environment-pr-205-81-g9sgc-1[0m stage [32mfrom-build-pack[0m and container [32mstep-credential-initializer-p4scd[0m
{"level":"info","ts":1587322211.9915333,"logger":"fallback-logger","caller":"logging/config.go:69","msg":"Fetch GitHub commit ID from kodata failed: open /var/run/ko/refs/heads/0.8.0-ns-support: no such file or directory"}
{"level":"info","ts":1587322211.9923801,"logger":"fallback-logger","caller":"creds-init/main.go:40","msg":"Credentials initialized."}

Showing logs for build [32mcb-kubecd-environment-pr-205-81-g9sgc-1[0m stage [32mfrom-build-pack[0m and container [32mstep-working-dir-initializer-dv84l[0m
{"level":"info","ts":1587322213.2934592,"logger":"fallback-logger","caller":"logging/config.go:69","msg":"Fetch GitHub commit ID from kodata failed: open /var/run/ko/HEAD: no such file or directory"}
{"level":"info","ts":1587322213.2972233,"logger":"fallback-logger","caller":"bash/main.go:64","msg":"Successfully executed command \"sh -c mkdir -p /workspace/source\"; output "}

Showing logs for build [32mcb-kubecd-environment-pr-205-81-g9sgc-1[0m stage [32mfrom-build-pack[0m and container [32mstep-place-tools[0m

Showing logs for build [32mcb-kubecd-environment-pr-205-81-g9sgc-1[0m stage [32mfrom-build-pack[0m and container [32mstep-git-source-cb-kubecd-environment-pr-205-81-g9sgc-sm2nk[0m
{"level":"info","ts":1587322216.3847203,"logger":"fallback-logger","caller":"logging/config.go:69","msg":"Fetch GitHub commit ID from kodata failed: open /var/run/ko/refs/heads/0.8.0-ns-support: no such file or directory"}
{"level":"info","ts":1587322217.4202104,"logger":"fallback-logger","caller":"git/git.go:103","msg":"Successfully cloned https://github.com/cb-kubecd/environment-pr-205-81-boot-gke-staging.git @ master in path /workspace/source"}

Showing logs for build [32mcb-kubecd-environment-pr-205-81-g9sgc-1[0m stage [32mfrom-build-pack[0m and container [32mstep-git-merge[0m
Using SHAs from PULL_REFS=master:03c0d5c3cd8718b1cf6f0d3b08a33b3ec0a32eea,2:47b418a295a993b35be07e58f50730dfe38f57e4
DEBUG: LC_ALL=C JX_LOG_LEVEL=error git fetch origin --unshallow 47b418a295a993b35be07e58f50730dfe38f57e4: 03c0d5c3cd8718b1cf6f0d3b08a33b3ec0a32eea:
DEBUG: ran git fetch --unshallow origin 47b418a295a993b35be07e58f50730dfe38f57e4: 03c0d5c3cd8718b1cf6f0d3b08a33b3ec0a32eea: in 
DEBUG: LC_ALL=C JX_LOG_LEVEL=error git branch
DEBUG: LC_ALL=C JX_LOG_LEVEL=error git checkout master
DEBUG: ran git checkout master in 
DEBUG: LC_ALL=C JX_LOG_LEVEL=error git reset --hard 03c0d5c3cd8718b1cf6f0d3b08a33b3ec0a32eea
DEBUG: ran git reset --hard 03c0d5c3cd8718b1cf6f0d3b08a33b3ec0a32eea in 
DEBUG: LC_ALL=C JX_LOG_LEVEL=error git clean -fd .
DEBUG: ran clean --force -d . in 
DEBUG: LC_ALL=C JX_LOG_LEVEL=error git merge 47b418a295a993b35be07e58f50730dfe38f57e4
DEBUG: ran git merge 47b418a295a993b35be07e58f50730dfe38f57e4 in 
DEBUG: LC_ALL=C JX_LOG_LEVEL=error git log --format=%H%x1f%an%x1f%ae%x1f%cn%x1f%ce%x1f%s%n%b%x1e 03c0d5c3cd8718b1cf6f0d3b08a33b3ec0a32eea..HEAD
Merged SHA 47b418a295a993b35be07e58f50730dfe38f57e4 with commit message 'chore: Promote bdd-nh-1587321854 to version 0.0.1' into base branch master

Showing logs for build [32mcb-kubecd-environment-pr-205-81-g9sgc-1[0m stage [32mfrom-build-pack[0m and container [32mstep-build-helm-build[0m
WARNING: No $CHART_REPOSITORY defined so using the default value of: http://jenkins-x-chartmuseum:8080
Adding missing Helm repo: storage.googleapis.com https://storage.googleapis.com/chartmuseum.jenkins-x.io
WARNING: No secrets found on "helm/repos" due: reading the secret "helm/repos" from vault: no secret "helm/repos" not found in vault
Read credentials for https://storage.googleapis.com/chartmuseum.jenkins-x.io from vault helm/repos
Successfully added Helm repository storage.googleapis.com.
Adding missing Helm repo: jenkins-x-chartmuseum http://jenkins-x-chartmuseum:8080
WARNING: No secrets found on "helm/repos" due: reading the secret "helm/repos" from vault: no secret "helm/repos" not found in vault
Read credentials for http://jenkins-x-chartmuseum:8080 from vault helm/repos
Successfully added Helm repository jenkins-x-chartmuseum.
WARNING: No $CHART_REPOSITORY defined so using the default value of: http://jenkins-x-chartmuseum:8080
Adding missing Helm repo: chartmuseum.jenkins-x.io http://chartmuseum.jenkins-x.io
WARNING: No secrets found on "helm/repos" due: reading the secret "helm/repos" from vault: no secret "helm/repos" not found in vault
Read credentials for http://chartmuseum.jenkins-x.io from vault helm/repos
Successfully added Helm repository chartmuseum.jenkins-x.io.
